::1 - - [04/Oct/2018:15:17:52 +0200] "GET /phpmyadmin HTTP/1.1" 301 241
::1 - - [04/Oct/2018:15:17:52 +0200] "GET /phpmyadmin/ HTTP/1.1" 200 8516
::1 - - [04/Oct/2018:15:17:52 +0200] "GET /phpmyadmin/themes/pmahomme/jquery/jquery-ui-1.9.2.custom.css HTTP/1.1" 200 32278
::1 - - [04/Oct/2018:15:17:52 +0200] "GET /phpmyadmin/js/get_scripts.js.php?scripts[]=jquery/jquery-1.8.3.js&scripts[]=ajax.js&scripts[]=keyhandler.js&scripts[]=jquery/jquery-ui-1.9.2.custom.js&scripts[]=jquery/jquery.sprintf.js&scripts[]=jquery/jquery.cookie.js&scripts[]=jquery/jquery.mousewheel.js&scripts[]=jquery/jquery.event.drag-2.2.js&scripts[]=jquery/jquery-ui-timepicker-addon.js&scripts[]=jquery/jquery.ba-hashchange-1.3.js&scripts[]=jquery/jquery.debounce-1.0.5.js&scripts[]=jquery/jquery.menuResizer-1.0.js&scripts[]=rte.js&scripts[]=functions.js&scripts[]=navigation.js&scripts[]=indexes.js&scripts[]=common.js&scripts[]=codemirror/lib/codemirror.js&scripts[]=codemirror/mode/mysql/mysql.js HTTP/1.1" 200 578562
::1 - - [04/Oct/2018:15:17:52 +0200] "GET /phpmyadmin/phpmyadmin.css.php?server=1&lang=nl&collation_connection=utf8_general_ci&token=258f97f1423a2352fdbb00496f54424a&nocache=4125195912ltr HTTP/1.1" 200 88608
::1 - - [04/Oct/2018:15:17:52 +0200] "GET /phpmyadmin/js/messages.php?lang=nl&db=&server=0&collation_connection=utf8_general_ci&token=2508c2e1310ec87fcca44fa4feabd80d HTTP/1.1" 200 18194
::1 - - [04/Oct/2018:15:17:58 +0200] "GET /phpmyadmin/js/get_image.js.php?theme=pmahomme HTTP/1.1" 200 6263
::1 - - [04/Oct/2018:15:17:58 +0200] "GET /phpmyadmin/themes/pmahomme/img/logo_right.png HTTP/1.1" 200 4548
::1 - - [04/Oct/2018:15:17:58 +0200] "GET /phpmyadmin/themes/pmahomme/img/sprites.png HTTP/1.1" 200 61899
::1 - - [04/Oct/2018:15:18:03 +0200] "GET /phpmyadmin/themes/dot.gif HTTP/1.1" 200 43
::1 - - [04/Oct/2018:15:18:03 +0200] "GET /phpmyadmin/favicon.ico HTTP/1.1" 200 18902
::1 - - [04/Oct/2018:15:18:05 +0200] "POST /phpmyadmin/index.php HTTP/1.1" 302 -
::1 - - [04/Oct/2018:15:18:05 +0200] "GET /phpmyadmin/index.php?token=258f97f1423a2352fdbb00496f54424a HTTP/1.1" 200 44698
::1 - - [04/Oct/2018:15:18:05 +0200] "GET /phpmyadmin/phpmyadmin.css.php?server=1&token=258f97f1423a2352fdbb00496f54424a&nocache=5663854997ltr HTTP/1.1" 200 88608
::1 - - [04/Oct/2018:15:18:05 +0200] "GET /phpmyadmin/js/messages.php?lang=nl&db=&server=0&token=258f97f1423a2352fdbb00496f54424a HTTP/1.1" 200 18194
::1 - - [04/Oct/2018:15:18:06 +0200] "GET /phpmyadmin/themes/pmahomme/img/logo_left.png HTTP/1.1" 200 2327
::1 - - [04/Oct/2018:15:18:06 +0200] "GET /phpmyadmin/themes/pmahomme/img/ajax_clock_small.gif HTTP/1.1" 200 1810
::1 - - [04/Oct/2018:15:18:06 +0200] "GET /phpmyadmin/themes/pmahomme/img/left_nav_bg.png HTTP/1.1" 200 297
::1 - - [04/Oct/2018:15:18:06 +0200] "GET /phpmyadmin/version_check.php?&_nocache=1538659086219247271 HTTP/1.1" 200 39
::1 - - [04/Oct/2018:15:18:08 +0200] "GET /phpmyadmin/navigation.php?ajax_request=1&token=258f97f1423a2352fdbb00496f54424a&aPath=cm9vdA%3D%3D.dGVzdA%3D%3D&vPath=cm9vdA%3D%3D.dGVzdA%3D%3D&pos=0&pos2_name=&pos2_value=&searchClause=&searchClause2=&_nocache=1538659088562744686 HTTP/1.1" 200 97
::1 - - [04/Oct/2018:15:18:14 +0200] "GET /phpmyadmin/server_export.php?db=&token=258f97f1423a2352fdbb00496f54424a&ajax_request=true&ajax_page_request=true&menuHashes=d3cb892b&_nocache=1538659094720365709 HTTP/1.1" 200 33892
::1 - - [04/Oct/2018:15:18:15 +0200] "GET /phpmyadmin/js/get_scripts.js.php?scripts[]=export.js HTTP/1.1" 200 5954
::1 - - [04/Oct/2018:15:18:24 +0200] "GET /phpmyadmin/server_sql.php?db=&token=258f97f1423a2352fdbb00496f54424a&ajax_request=true&ajax_page_request=true&menuHashes=d3cb892b-98a428df&_nocache=1538659104599450299 HTTP/1.1" 200 6628
::1 - - [04/Oct/2018:15:18:24 +0200] "GET /phpmyadmin/js/get_scripts.js.php?scripts[]=makegrid.js&scripts[]=sql.js HTTP/1.1" 200 35099
::1 - - [04/Oct/2018:15:18:50 +0200] "POST /phpmyadmin/import.php HTTP/1.1" 200 11632
::1 - - [04/Oct/2018:15:19:08 +0200] "POST /phpmyadmin/import.php HTTP/1.1" 200 2980
::1 - - [04/Oct/2018:15:19:22 +0200] "POST /phpmyadmin/navigation.php?ajax_request=1&token=258f97f1423a2352fdbb00496f54424a HTTP/1.1" 200 1293
::1 - - [04/Oct/2018:15:19:24 +0200] "GET /phpmyadmin/db_structure.php?server=1&db=codefever&token=258f97f1423a2352fdbb00496f54424a&ajax_request=true&ajax_page_request=true&menuHashes=d3cb892b-98a428df-23706fe4&_nocache=1538659164509367375 HTTP/1.1" 200 24025
::1 - - [04/Oct/2018:15:19:24 +0200] "GET /phpmyadmin/themes/pmahomme/img/arrow_ltr.png HTTP/1.1" 200 139
::1 - - [04/Oct/2018:15:19:24 +0200] "GET /phpmyadmin/js/get_scripts.js.php?scripts[]=db_structure.js&scripts[]=tbl_change.js HTTP/1.1" 200 12382
::1 - - [04/Oct/2018:15:19:31 +0200] "GET /phpmyadmin/sql.php?db=codefever&token=258f97f1423a2352fdbb00496f54424a&goto=db_structure.php&table=leerkracht&pos=0&ajax_request=true&ajax_page_request=true&menuHashes=d3cb892b-98a428df-23706fe4-1706dcb0&_nocache=1538659171905152626 HTTP/1.1" 200 20440
::1 - - [04/Oct/2018:15:19:32 +0200] "GET /phpmyadmin/themes/pmahomme/img/s_fulltext.png HTTP/1.1" 200 193
::1 - - [04/Oct/2018:15:19:32 +0200] "GET /phpmyadmin/js/get_scripts.js.php?scripts[]=tbl_structure.js&scripts[]=gis_data_editor.js HTTP/1.1" 200 15188
::1 - - [04/Oct/2018:15:19:32 +0200] "GET /phpmyadmin/themes/pmahomme/img/col_pointer.png HTTP/1.1" 200 113
::1 - - [04/Oct/2018:15:19:32 +0200] "GET /phpmyadmin/themes/pmahomme/img/col_drop.png HTTP/1.1" 200 132
::1 - - [04/Oct/2018:15:19:32 +0200] "GET /phpmyadmin/index.php?ajax_request=1&recent_table=1&token=258f97f1423a2352fdbb00496f54424a HTTP/1.1" 200 225
