2018-10-04 15:17:42 13024 [Note] Plugin 'FEDERATED' is disabled.
2018-10-04 15:17:42 13024 [Note] InnoDB: The InnoDB memory heap is disabled
2018-10-04 15:17:42 13024 [Note] InnoDB: Mutexes and rw_locks use Windows interlocked functions
2018-10-04 15:17:42 13024 [Note] InnoDB: Compressed tables use zlib 1.2.3
2018-10-04 15:17:42 13024 [Note] InnoDB: Not using CPU crc32 instructions
2018-10-04 15:17:42 13024 [Note] InnoDB: Initializing buffer pool, size = 128.0M
2018-10-04 15:17:42 13024 [Note] InnoDB: Completed initialization of buffer pool
2018-10-04 15:17:42 13024 [Note] InnoDB: Setting log file D:\GitHub\Project Codefever\USBWebserver v8.6\mysql\data\ib_logfile101 size to 5 MB
2018-10-04 15:17:42 13024 [Note] InnoDB: Setting log file D:\GitHub\Project Codefever\USBWebserver v8.6\mysql\data\ib_logfile1 size to 5 MB
2018-10-04 15:17:42 13024 [Note] InnoDB: Renaming log file D:\GitHub\Project Codefever\USBWebserver v8.6\mysql\data\ib_logfile101 to D:\GitHub\Project Codefever\USBWebserver v8.6\mysql\data\ib_logfile0
2018-10-04 15:17:42 13024 [Warning] InnoDB: New log files created, LSN=1626134
2018-10-04 15:17:42 13024 [Note] InnoDB: Highest supported file format is Barracuda.
2018-10-04 15:17:42 13024 [Note] InnoDB: 128 rollback segment(s) are active.
2018-10-04 15:17:42 13024 [Note] InnoDB: Waiting for purge to start
2018-10-04 15:17:42 13024 [Note] InnoDB: 5.6.13 started; log sequence number 1626636
2018-10-04 15:17:42 13024 [Warning] No existing UUID has been found, so we assume that this is the first time that this server has been started. Generating a new UUID: e04493eb-c7d7-11e8-b4aa-9c5c8e0f890e.
2018-10-04 15:17:42 13024 [Note] Server hostname (bind-address): '*'; port: 3307
2018-10-04 15:17:42 13024 [Note] IPv6 is available.
2018-10-04 15:17:42 13024 [Note]   - '::' resolves to '::';
2018-10-04 15:17:42 13024 [Note] Server socket created on IP: '::'.
